#
# A fatal error has been detected by the Java Runtime Environment:
#
#  SIGSEGV (0xb) at pc=0x000000010c448358, pid=851, tid=19203
#
# JRE version: Java(TM) SE Runtime Environment (8.0_91-b14) (build 1.8.0_91-b14)
# Java VM: Java HotSpot(TM) 64-Bit Server VM (25.91-b14 mixed mode bsd-amd64 compressed oops)
# Problematic frame:
# V  [libjvm.dylib+0x448358]
#
# Failed to write core dump. Core dumps have been disabled. To enable core dumping, try "ulimit -c unlimited" before starting Java again
#
# If you would like to submit a bug report, please visit:
#   http://bugreport.java.com/bugreport/crash.jsp
#

---------------  T H R E A D  ---------------

Current thread (0x00007fc715814800):  JavaThread "JDWP Transport Listener: dt_socket" daemon [_thread_in_vm, id=19203, stack(0x0000700003ee3000,0x0000700003fe3000)]

siginfo: si_signo: 11 (SIGSEGV), si_code: 0 (unknown), si_addr: 0x0000000000000000

Registers:
RAX=0x0000000000000001, RBX=0x0000700003fe2a8b, RCX=0x000000010c818340, RDX=0x0000700003fe2a8b
RSP=0x0000700003fe29d0, RBP=0x0000700003fe29e0, RSI=0x00007fc715814800, RDI=0x001b000000000000
R8 =0x0000000000000000, R9 =0x00007fc714f81570, R10=0x0000000000000001, R11=0x0000000000000001
R12=0x00007fc715814800, R13=0x001b000000000000, R14=0x001b000000000000, R15=0x00007fc7125100e0
RIP=0x000000010c448358, EFLAGS=0x0000000000010206, ERR=0x0000000000000000
  TRAPNO=0x000000000000000d

Top of Stack: (sp=0x0000700003fe29d0)
0x0000700003fe29d0:   0000700003fe2a8b 0000700003fe2a8b
0x0000700003fe29e0:   0000700003fe2a40 000000010c357316
0x0000700003fe29f0:   00007fc715814800 0000000000000000
0x0000700003fe2a00:   0000000000000000 0000000000000000
0x0000700003fe2a10:   00007fc715814800 00007fc715814800
0x0000700003fe2a20:   0000700003fe2a8b 0000700003fe2a90
0x0000700003fe2a30:   001b000000000000 000000000000000d
0x0000700003fe2a40:   0000700003fe2a60 000000010ae7b780
0x0000700003fe2a50:   0000000000000001 0000700003fe2b08
0x0000700003fe2a60:   0000700003fe2ad0 000000010ae601f3
0x0000700003fe2a70:   0000700003fe2aa0 00007fc714f814b0
0x0000700003fe2a80:   0000000e00000032 f000100a01fe2b08
0x0000700003fe2a90:   0000000000000000 0000000000000000
0x0000700003fe2aa0:   0000000000000000 0000700003fe2c90
0x0000700003fe2ab0:   000000010ae82e7a 00007fc714b164f0
0x0000700003fe2ac0:   0000700003fe2b08 000000010ae8e598
0x0000700003fe2ad0:   0000700003fe2ae0 000000010ae602ec
0x0000700003fe2ae0:   0000700003fe2d00 000000010ae69898
0x0000700003fe2af0:   00003a7100000013 00000000000f0200
0x0000700003fe2b00:   00007fc714b1b020 00007fc71b4e112a
0x0000700003fe2b10:   00007fc700000386 00007fc714f81550
0x0000700003fe2b20:   00007fc70000012c 0000700003fe2b58
0x0000700003fe2b30:   00007fc714bca670 0000000000000000
0x0000700003fe2b40:   00003a710000001c 00007fc700001f80
0x0000700003fe2b50:   0000700003fe2b58 c77f00000e000000
0x0000700003fe2b60:   06000000a02dd914 00003e74696e693c
0x0000700003fe2b70:   0000005629280300 7f00000100000000
0x0000700003fe2b80:   0000007833d914c7 707075537465670c
0x0000700003fe2b90:   000000737265696c 6176616a4c292812
0x0000700003fe2ba0:   694c2f6c6974752f 283c0000003b7473
0x0000700003fe2bb0:   752f6176616a4c29 7473694c2f6c6974
0x0000700003fe2bc0:   65642f6d6f634c3c 2f74696262615276 

Instructions: (pc=0x000000010c448358)
0x000000010c448338:   40 48 48 85 c0 75 e0 30 c0 0f b6 c0 5d c3 31 c0
0x000000010c448348:   5d c3 55 48 89 e5 53 48 83 ec 08 48 85 ff 74 24
0x000000010c448358:   48 8b 1f 48 85 db 74 1c 48 83 fb 37 74 16 48 8b
0x000000010c448368:   03 48 89 df ff 50 10 84 c0 b8 00 00 00 00 48 0f 

Register to memory mapping:

RAX=0x0000000000000001 is an unknown value
RBX=0x0000700003fe2a8b is pointing into the stack for thread: 0x00007fc715814800
RCX=0x000000010c818340: UseMembar+0 in /Library/Java/JavaVirtualMachines/jdk1.8.0_91.jdk/Contents/Home/jre/lib/server/libjvm.dylib at 0x000000010c000000
RDX=0x0000700003fe2a8b is pointing into the stack for thread: 0x00007fc715814800
RSP=0x0000700003fe29d0 is pointing into the stack for thread: 0x00007fc715814800
RBP=0x0000700003fe29e0 is pointing into the stack for thread: 0x00007fc715814800
RSI=0x00007fc715814800 is a thread
RDI=0x001b000000000000 is an unknown value
R8 =0x0000000000000000 is an unknown value
R9 =0x00007fc714f81570 is an unknown value
R10=0x0000000000000001 is an unknown value
R11=0x0000000000000001 is an unknown value
R12=0x00007fc715814800 is a thread
R13=0x001b000000000000 is an unknown value
R14=0x001b000000000000 is an unknown value
R15=0x00007fc7125100e0 is an unknown value


Stack: [0x0000700003ee3000,0x0000700003fe3000],  sp=0x0000700003fe29d0,  free space=1022k
Native frames: (J=compiled Java code, j=interpreted, Vv=VM code, C=native code)
V  [libjvm.dylib+0x448358]
V  [libjvm.dylib+0x357316]
C  [libjdwp.dylib+0x20780]  isMethodSynthetic+0x63
C  [libjdwp.dylib+0x51f3]  methods1+0x10b
C  [libjdwp.dylib+0x52ec]  methodsWithGeneric+0xe
C  [libjdwp.dylib+0xe898]  debugLoop_run+0x1ce
C  [libjdwp.dylib+0x1f6ba]  attachThread+0x4d
V  [libjvm.dylib+0x39867c]
V  [libjvm.dylib+0x563d17]
V  [libjvm.dylib+0x565412]
V  [libjvm.dylib+0x484f82]
C  [libsystem_pthread.dylib+0x393b]  _pthread_body+0xb4
C  [libsystem_pthread.dylib+0x3887]  _pthread_body+0x0
C  [libsystem_pthread.dylib+0x308d]  thread_start+0xd
C  0x0000000000000000


---------------  P R O C E S S  ---------------

Java Threads: ( => current thread )
  0x00007fc716d65800 JavaThread "DestroyJavaVM" [_thread_blocked, id=6915, stack(0x0000700003139000,0x0000700003239000)]
  0x00007fc716d65000 JavaThread "http-nio-9000-AsyncTimeout" daemon [_thread_blocked, id=33027, stack(0x0000700005a34000,0x0000700005b34000)]
  0x00007fc716d64000 JavaThread "http-nio-9000-Acceptor-0" daemon [_thread_in_native, id=32515, stack(0x0000700005931000,0x0000700005a31000)]
  0x00007fc716d28800 JavaThread "http-nio-9000-ClientPoller-1" daemon [_thread_in_native, id=32003, stack(0x000070000582e000,0x000070000592e000)]
  0x00007fc71553a000 JavaThread "http-nio-9000-ClientPoller-0" daemon [_thread_in_native, id=31491, stack(0x000070000572b000,0x000070000582b000)]
  0x00007fc719cf2800 JavaThread "http-nio-9000-exec-10" daemon [_thread_blocked, id=30979, stack(0x0000700005628000,0x0000700005728000)]
  0x00007fc7139a4000 JavaThread "http-nio-9000-exec-9" daemon [_thread_blocked, id=30467, stack(0x0000700005525000,0x0000700005625000)]
  0x00007fc712c38800 JavaThread "http-nio-9000-exec-8" daemon [_thread_blocked, id=29955, stack(0x0000700005422000,0x0000700005522000)]
  0x00007fc713ace000 JavaThread "http-nio-9000-exec-7" daemon [_thread_blocked, id=29443, stack(0x000070000531f000,0x000070000541f000)]
  0x00007fc719cf1800 JavaThread "http-nio-9000-exec-6" daemon [_thread_blocked, id=28931, stack(0x000070000521c000,0x000070000531c000)]
  0x00007fc716e2b800 JavaThread "http-nio-9000-exec-5" daemon [_thread_blocked, id=28419, stack(0x0000700005119000,0x0000700005219000)]
  0x00007fc7133ce000 JavaThread "http-nio-9000-exec-4" daemon [_thread_blocked, id=27907, stack(0x0000700005016000,0x0000700005116000)]
  0x00007fc7160f0000 JavaThread "http-nio-9000-exec-3" daemon [_thread_blocked, id=27395, stack(0x0000700004f13000,0x0000700005013000)]
  0x00007fc716e52800 JavaThread "http-nio-9000-exec-2" daemon [_thread_blocked, id=26883, stack(0x0000700004e10000,0x0000700004f10000)]
  0x00007fc716d27800 JavaThread "http-nio-9000-exec-1" daemon [_thread_blocked, id=26371, stack(0x0000700004d0d000,0x0000700004e0d000)]
  0x00007fc71a0bf000 JavaThread "NioBlockingSelector.BlockPoller-1" daemon [_thread_in_native, id=25859, stack(0x0000700004c0a000,0x0000700004d0a000)]
  0x00007fc719b40000 JavaThread "container-0" [_thread_blocked, id=25347, stack(0x0000700004b07000,0x0000700004c07000)]
  0x00007fc71820d800 JavaThread "ContainerBackgroundProcessor[StandardEngine[Tomcat]]" daemon [_thread_blocked, id=24835, stack(0x0000700004a04000,0x0000700004b04000)]
  0x00007fc715028000 JavaThread "Service Thread" daemon [_thread_blocked, id=22787, stack(0x00007000045f8000,0x00007000046f8000)]
  0x00007fc71300a800 JavaThread "C1 CompilerThread3" daemon [_thread_blocked, id=22275, stack(0x00007000044f5000,0x00007000045f5000)]
  0x00007fc71300b800 JavaThread "C2 CompilerThread2" daemon [_thread_blocked, id=21763, stack(0x00007000043f2000,0x00007000044f2000)]
  0x00007fc716812000 JavaThread "C2 CompilerThread1" daemon [_thread_blocked, id=21251, stack(0x00007000042ef000,0x00007000043ef000)]
  0x00007fc71405e800 JavaThread "C2 CompilerThread0" daemon [_thread_blocked, id=20739, stack(0x00007000041ec000,0x00007000042ec000)]
  0x00007fc715027000 JavaThread "JDWP Command Reader" daemon [_thread_in_native, id=20227, stack(0x00007000040e9000,0x00007000041e9000)]
  0x00007fc715815800 JavaThread "JDWP Event Helper Thread" daemon [_thread_blocked, id=19715, stack(0x0000700003fe6000,0x00007000040e6000)]
=>0x00007fc715814800 JavaThread "JDWP Transport Listener: dt_socket" daemon [_thread_in_vm, id=19203, stack(0x0000700003ee3000,0x0000700003fe3000)]
  0x00007fc71280d800 JavaThread "Signal Dispatcher" daemon [_thread_blocked, id=18691, stack(0x0000700003de0000,0x0000700003ee0000)]
  0x00007fc71580f000 JavaThread "Finalizer" daemon [_thread_blocked, id=14339, stack(0x0000700003c5a000,0x0000700003d5a000)]
  0x00007fc71580c000 JavaThread "Reference Handler" daemon [_thread_blocked, id=13827, stack(0x0000700003b57000,0x0000700003c57000)]

Other Threads:
  0x00007fc715807800 VMThread [stack: 0x0000700003a54000,0x0000700003b54000] [id=13315]
  0x00007fc715028800 WatcherThread [stack: 0x00007000046fb000,0x00007000047fb000] [id=23299]

VM state:not at safepoint (normal execution)

VM Mutex/Monitor currently owned by a thread: None

Heap:
 PSYoungGen      total 190976K, used 110105K [0x000000076ab00000, 0x0000000777400000, 0x00000007c0000000)
  eden space 180224K, 61% used [0x000000076ab00000,0x0000000771686570,0x0000000775b00000)
  from space 10752K, 0% used [0x0000000776580000,0x0000000776580000,0x0000000777000000)
  to   space 10752K, 0% used [0x0000000775b00000,0x0000000775b00000,0x0000000776580000)
 ParOldGen       total 207872K, used 26651K [0x00000006c0000000, 0x00000006ccb00000, 0x000000076ab00000)
  object space 207872K, 12% used [0x00000006c0000000,0x00000006c1a06fe8,0x00000006ccb00000)
 Metaspace       used 42267K, capacity 42680K, committed 42928K, reserved 1087488K
  class space    used 5180K, capacity 5268K, committed 5296K, reserved 1048576K

Card table byte_map: [0x000000010d354000,0x000000010db55000] byte_map_base: 0x0000000109d54000

Marking Bits: (ParMarkBitMap*) 0x000000010c8e6eb0
 Begin Bits: [0x0000000122600000, 0x0000000126600000)
 End Bits:   [0x0000000126600000, 0x000000012a600000)

Polling page: 0x000000010ae5a000

CodeCache: size=245760Kb used=15166Kb max_used=16467Kb free=230594Kb
 bounds [0x0000000113600000, 0x0000000114680000, 0x0000000122600000]
 total_blobs=4366 nmethods=3690 adapters=596
 compilation: enabled

Compilation events (10 events):
Event: 293.614 Thread 0x00007fc71300a800 4406       3       java.nio.charset.CharsetEncoder::averageBytesPerChar (5 bytes)
Event: 293.614 Thread 0x00007fc71300a800 nmethod 4406 0x0000000113892090 code [0x00000001138921e0, 0x0000000113892330]
Event: 293.614 Thread 0x00007fc71300a800 4407       3       sun.nio.cs.ISO_8859_1$Encoder::encodeLoop (28 bytes)
Event: 293.615 Thread 0x00007fc71300a800 nmethod 4407 0x00000001138b6410 code [0x00000001138b65c0, 0x00000001138b6b38]
Event: 293.615 Thread 0x00007fc71300a800 4409       3       java.nio.charset.CharsetEncoder::implFlush (4 bytes)
Event: 293.615 Thread 0x00007fc71300a800 nmethod 4409 0x0000000113810610 code [0x0000000113810780, 0x00000001138108d0]
Event: 293.616 Thread 0x00007fc71300a800 4410       1       org.apache.coyote.Response::getWriteListener (5 bytes)
Event: 293.616 Thread 0x00007fc71300a800 nmethod 4410 0x0000000113b87a10 code [0x0000000113b87b60, 0x0000000113b87c70]
Event: 293.616 Thread 0x00007fc71300a800 4411       1       org.apache.coyote.AbstractProtocol$ConnectionHandler::getProtocol (5 bytes)
Event: 293.616 Thread 0x00007fc71300a800 nmethod 4411 0x0000000113b87750 code [0x0000000113b878a0, 0x0000000113b879b0]

GC Heap History (10 events):
Event: 1.156 GC heap before
{Heap before GC invocations=2 (full 0):
 PSYoungGen      total 76288K, used 73415K [0x000000076ab00000, 0x0000000774000000, 0x00000007c0000000)
  eden space 65536K, 95% used [0x000000076ab00000,0x000000076e839780,0x000000076eb00000)
  from space 10752K, 99% used [0x000000076eb00000,0x000000076f578830,0x000000076f580000)
  to   space 10752K, 0% used [0x0000000773580000,0x0000000773580000,0x0000000774000000)
 ParOldGen       total 175104K, used 677K [0x00000006c0000000, 0x00000006cab00000, 0x000000076ab00000)
  object space 175104K, 0% used [0x00000006c0000000,0x00000006c00a9518,0x00000006cab00000)
 Metaspace       used 21009K, capacity 21226K, committed 21296K, reserved 1069056K
  class space    used 2493K, capacity 2566K, committed 2608K, reserved 1048576K
Event: 1.165 GC heap after
Heap after GC invocations=2 (full 0):
 PSYoungGen      total 141824K, used 9951K [0x000000076ab00000, 0x0000000774000000, 0x00000007c0000000)
  eden space 131072K, 0% used [0x000000076ab00000,0x000000076ab00000,0x0000000772b00000)
  from space 10752K, 92% used [0x0000000773580000,0x0000000773f37c80,0x0000000774000000)
  to   space 10752K, 0% used [0x0000000772b00000,0x0000000772b00000,0x0000000773580000)
 ParOldGen       total 175104K, used 693K [0x00000006c0000000, 0x00000006cab00000, 0x000000076ab00000)
  object space 175104K, 0% used [0x00000006c0000000,0x00000006c00ad518,0x00000006cab00000)
 Metaspace       used 21009K, capacity 21226K, committed 21296K, reserved 1069056K
  class space    used 2493K, capacity 2566K, committed 2608K, reserved 1048576K
}
Event: 1.165 GC heap before
{Heap before GC invocations=3 (full 1):
 PSYoungGen      total 141824K, used 9951K [0x000000076ab00000, 0x0000000774000000, 0x00000007c0000000)
  eden space 131072K, 0% used [0x000000076ab00000,0x000000076ab00000,0x0000000772b00000)
  from space 10752K, 92% used [0x0000000773580000,0x0000000773f37c80,0x0000000774000000)
  to   space 10752K, 0% used [0x0000000772b00000,0x0000000772b00000,0x0000000773580000)
 ParOldGen       total 175104K, used 693K [0x00000006c0000000, 0x00000006cab00000, 0x000000076ab00000)
  object space 175104K, 0% used [0x00000006c0000000,0x00000006c00ad518,0x00000006cab00000)
 Metaspace       used 21009K, capacity 21226K, committed 21296K, reserved 1069056K
  class space    used 2493K, capacity 2566K, committed 2608K, reserved 1048576K
Event: 1.193 GC heap after
Heap after GC invocations=3 (full 1):
 PSYoungGen      total 141824K, used 0K [0x000000076ab00000, 0x0000000774000000, 0x00000007c0000000)
  eden space 131072K, 0% used [0x000000076ab00000,0x000000076ab00000,0x0000000772b00000)
  from space 10752K, 0% used [0x0000000773580000,0x0000000773580000,0x0000000774000000)
  to   space 10752K, 0% used [0x0000000772b00000,0x0000000772b00000,0x0000000773580000)
 ParOldGen       total 115712K, used 9690K [0x00000006c0000000, 0x00000006c7100000, 0x000000076ab00000)
  object space 115712K, 8% used [0x00000006c0000000,0x00000006c09768f0,0x00000006c7100000)
 Metaspace       used 21009K, capacity 21226K, committed 21296K, reserved 1069056K
  class space    used 2493K, capacity 2566K, committed 2608K, reserved 1048576K
}
Event: 2.330 GC heap before
{Heap before GC invocations=4 (full 1):
 PSYoungGen      total 141824K, used 131072K [0x000000076ab00000, 0x0000000774000000, 0x00000007c0000000)
  eden space 131072K, 100% used [0x000000076ab00000,0x0000000772b00000,0x0000000772b00000)
  from space 10752K, 0% used [0x0000000773580000,0x0000000773580000,0x0000000774000000)
  to   space 10752K, 0% used [0x0000000772b00000,0x0000000772b00000,0x0000000773580000)
 ParOldGen       total 115712K, used 9690K [0x00000006c0000000, 0x00000006c7100000, 0x000000076ab00000)
  object space 115712K, 8% used [0x00000006c0000000,0x00000006c09768f0,0x00000006c7100000)
 Metaspace       used 31307K, capacity 31666K, committed 31920K, reserved 1077248K
  class space    used 3820K, capacity 3937K, committed 4016K, reserved 1048576K
Event: 2.343 GC heap after
Heap after GC invocations=4 (full 1):
 PSYoungGen      total 141824K, used 10734K [0x000000076ab00000, 0x0000000777000000, 0x00000007c0000000)
  eden space 131072K, 0% used [0x000000076ab00000,0x000000076ab00000,0x0000000772b00000)
  from space 10752K, 99% used [0x0000000772b00000,0x000000077357bbe0,0x0000000773580000)
  to   space 10752K, 0% used [0x0000000776580000,0x0000000776580000,0x0000000777000000)
 ParOldGen       total 115712K, used 16696K [0x00000006c0000000, 0x00000006c7100000, 0x000000076ab00000)
  object space 115712K, 14% used [0x00000006c0000000,0x00000006c104e018,0x00000006c7100000)
 Metaspace       used 31307K, capacity 31666K, committed 31920K, reserved 1077248K
  class space    used 3820K, capacity 3937K, committed 4016K, reserved 1048576K
}
Event: 3.018 GC heap before
{Heap before GC invocations=5 (full 1):
 PSYoungGen      total 141824K, used 104738K [0x000000076ab00000, 0x0000000777000000, 0x00000007c0000000)
  eden space 131072K, 71% used [0x000000076ab00000,0x00000007706ccd50,0x0000000772b00000)
  from space 10752K, 99% used [0x0000000772b00000,0x000000077357bbe0,0x0000000773580000)
  to   space 10752K, 0% used [0x0000000776580000,0x0000000776580000,0x0000000777000000)
 ParOldGen       total 115712K, used 16696K [0x00000006c0000000, 0x00000006c7100000, 0x000000076ab00000)
  object space 115712K, 14% used [0x00000006c0000000,0x00000006c104e018,0x00000006c7100000)
 Metaspace       used 34957K, capacity 35320K, committed 35496K, reserved 1081344K
  class space    used 4256K, capacity 4370K, committed 4400K, reserved 1048576K
Event: 3.034 GC heap after
Heap after GC invocations=5 (full 1):
 PSYoungGen      total 190976K, used 10741K [0x000000076ab00000, 0x0000000777400000, 0x00000007c0000000)
  eden space 180224K, 0% used [0x000000076ab00000,0x000000076ab00000,0x0000000775b00000)
  from space 10752K, 99% used [0x0000000776580000,0x0000000776ffd630,0x0000000777000000)
  to   space 10752K, 0% used [0x0000000775b00000,0x0000000775b00000,0x0000000776580000)
 ParOldGen       total 115712K, used 25356K [0x00000006c0000000, 0x00000006c7100000, 0x000000076ab00000)
  object space 115712K, 21% used [0x00000006c0000000,0x00000006c18c3338,0x00000006c7100000)
 Metaspace       used 34957K, capacity 35320K, committed 35496K, reserved 1081344K
  class space    used 4256K, capacity 4370K, committed 4400K, reserved 1048576K
}
Event: 3.034 GC heap before
{Heap before GC invocations=6 (full 2):
 PSYoungGen      total 190976K, used 10741K [0x000000076ab00000, 0x0000000777400000, 0x00000007c0000000)
  eden space 180224K, 0% used [0x000000076ab00000,0x000000076ab00000,0x0000000775b00000)
  from space 10752K, 99% used [0x0000000776580000,0x0000000776ffd630,0x0000000777000000)
  to   space 10752K, 0% used [0x0000000775b00000,0x0000000775b00000,0x0000000776580000)
 ParOldGen       total 115712K, used 25356K [0x00000006c0000000, 0x00000006c7100000, 0x000000076ab00000)
  object space 115712K, 21% used [0x00000006c0000000,0x00000006c18c3338,0x00000006c7100000)
 Metaspace       used 34957K, capacity 35320K, committed 35496K, reserved 1081344K
  class space    used 4256K, capacity 4370K, committed 4400K, reserved 1048576K
Event: 3.089 GC heap after
Heap after GC invocations=6 (full 2):
 PSYoungGen      total 190976K, used 0K [0x000000076ab00000, 0x0000000777400000, 0x00000007c0000000)
  eden space 180224K, 0% used [0x000000076ab00000,0x000000076ab00000,0x0000000775b00000)
  from space 10752K, 0% used [0x0000000776580000,0x0000000776580000,0x0000000777000000)
  to   space 10752K, 0% used [0x0000000775b00000,0x0000000775b00000,0x0000000776580000)
 ParOldGen       total 207872K, used 26651K [0x00000006c0000000, 0x00000006ccb00000, 0x000000076ab00000)
  object space 207872K, 12% used [0x00000006c0000000,0x00000006c1a06fe8,0x00000006ccb00000)
 Metaspace       used 34957K, capacity 35320K, committed 35496K, reserved 1081344K
  class space    used 4256K, capacity 4370K, committed 4400K, reserved 1048576K
}

Deoptimization events (10 events):
Event: 205.142 Thread 0x00007fc712c38800 Uncommon trap: reason=unhandled action=none pc=0x0000000114547cf8 method=java.net.URLClassLoader.findClass(Ljava/lang/String;)Ljava/lang/Class; @ 44
Event: 205.143 Thread 0x00007fc712c38800 Uncommon trap: reason=unhandled action=none pc=0x0000000114547cf8 method=java.net.URLClassLoader.findClass(Ljava/lang/String;)Ljava/lang/Class; @ 44
Event: 205.144 Thread 0x00007fc712c38800 Uncommon trap: reason=unhandled action=none pc=0x0000000114547cf8 method=java.net.URLClassLoader.findClass(Ljava/lang/String;)Ljava/lang/Class; @ 44
Event: 205.144 Thread 0x00007fc712c38800 Uncommon trap: reason=unhandled action=none pc=0x0000000114547cf8 method=java.net.URLClassLoader.findClass(Ljava/lang/String;)Ljava/lang/Class; @ 44
Event: 205.146 Thread 0x00007fc712c38800 Uncommon trap: reason=unhandled action=none pc=0x0000000114547cf8 method=java.net.URLClassLoader.findClass(Ljava/lang/String;)Ljava/lang/Class; @ 44
Event: 205.147 Thread 0x00007fc712c38800 Uncommon trap: reason=unhandled action=none pc=0x0000000114547cf8 method=java.net.URLClassLoader.findClass(Ljava/lang/String;)Ljava/lang/Class; @ 44
Event: 205.148 Thread 0x00007fc712c38800 Uncommon trap: reason=unhandled action=none pc=0x0000000114547cf8 method=java.net.URLClassLoader.findClass(Ljava/lang/String;)Ljava/lang/Class; @ 44
Event: 205.149 Thread 0x00007fc712c38800 Uncommon trap: reason=unhandled action=none pc=0x0000000114547cf8 method=java.net.URLClassLoader.findClass(Ljava/lang/String;)Ljava/lang/Class; @ 44
Event: 222.074 Thread 0x00007fc712c38800 Uncommon trap: reason=range_check action=none pc=0x000000011380d16c method=sun.reflect.generics.parser.SignatureParser.current()C @ 34
Event: 222.078 Thread 0x00007fc712c38800 Uncommon trap: reason=unhandled action=none pc=0x0000000114547cf8 method=java.net.URLClassLoader.findClass(Ljava/lang/String;)Ljava/lang/Class; @ 44

Internal exceptions (10 events):
Event: 11.108 Thread 0x00007fc716e52800 Exception <a 'java/lang/ArrayIndexOutOfBoundsException': 78> (0x000000076f6b9448) thrown at [/Users/java_re/workspace/8-2-build-macosx-x86_64/jdk8u91/6644/hotspot/src/share/vm/interpreter/interpreterRuntime.cpp, line 366]
Event: 11.108 Thread 0x00007fc716e52800 Exception <a 'java/lang/ArrayIndexOutOfBoundsException': 139> (0x000000076f6bafb0) thrown at [/Users/java_re/workspace/8-2-build-macosx-x86_64/jdk8u91/6644/hotspot/src/share/vm/interpreter/interpreterRuntime.cpp, line 366]
Event: 11.109 Thread 0x00007fc716e52800 Exception <a 'java/lang/ArrayIndexOutOfBoundsException': 83> (0x000000076f6c2548) thrown at [/Users/java_re/workspace/8-2-build-macosx-x86_64/jdk8u91/6644/hotspot/src/share/vm/interpreter/interpreterRuntime.cpp, line 366]
Event: 11.128 Thread 0x00007fc716e52800 Exception <a 'java/lang/ArrayIndexOutOfBoundsException': 101> (0x000000076f7a6870) thrown at [/Users/java_re/workspace/8-2-build-macosx-x86_64/jdk8u91/6644/hotspot/src/share/vm/interpreter/interpreterRuntime.cpp, line 366]
Event: 11.141 Thread 0x00007fc716e52800 Exception <a 'java/lang/ArrayIndexOutOfBoundsException': 149> (0x000000076f855808) thrown at [/Users/java_re/workspace/8-2-build-macosx-x86_64/jdk8u91/6644/hotspot/src/share/vm/interpreter/interpreterRuntime.cpp, line 366]
Event: 40.626 Thread 0x00007fc719cf1800 Exception <a 'java/net/SocketTimeoutException': Read timed out> (0x00000007706ae008) thrown at [/Users/java_re/workspace/8-2-build-macosx-x86_64/jdk8u91/6644/hotspot/src/share/vm/prims/jni.cpp, line 735]
Event: 40.629 Thread 0x00007fc719cf1800 Exception <a 'java/lang/reflect/InvocationTargetException'> (0x00000007706af4c8) thrown at [/Users/java_re/workspace/8-2-build-macosx-x86_64/jdk8u91/6644/hotspot/src/share/vm/runtime/reflection.cpp, line 1092]
Event: 122.919 Thread 0x00007fc7160f0000 Exception <a 'java/net/SocketTimeoutException': Read timed out> (0x000000076f96bd20) thrown at [/Users/java_re/workspace/8-2-build-macosx-x86_64/jdk8u91/6644/hotspot/src/share/vm/prims/jni.cpp, line 735]
Event: 122.919 Thread 0x00007fc7160f0000 Exception <a 'java/lang/reflect/InvocationTargetException'> (0x000000076f96ce28) thrown at [/Users/java_re/workspace/8-2-build-macosx-x86_64/jdk8u91/6644/hotspot/src/share/vm/runtime/reflection.cpp, line 1092]
Event: 222.074 Thread 0x00007fc712c38800 Exception <a 'java/lang/ArrayIndexOutOfBoundsException': 67> (0x0000000771366cf8) thrown at [/Users/java_re/workspace/8-2-build-macosx-x86_64/jdk8u91/6644/hotspot/src/share/vm/interpreter/interpreterRuntime.cpp, line 366]

Events (10 events):
Event: 293.612 Thread 0x00007fc71300a800 flushing nmethod 0x00000001137d1910
Event: 293.612 Thread 0x00007fc71300a800 flushing nmethod 0x0000000113833bd0
Event: 293.613 Thread 0x00007fc71300a800 flushing nmethod 0x0000000113892090
Event: 293.613 Thread 0x00007fc71300a800 flushing nmethod 0x00000001138aafd0
Event: 293.614 Thread 0x00007fc71300a800 flushing nmethod 0x000000011395ce90
Event: 293.614 Thread 0x00007fc71300a800 flushing nmethod 0x0000000113a2fe90
Event: 293.614 Thread 0x00007fc71300a800 flushing nmethod 0x0000000113a31390
Event: 293.616 Thread 0x00007fc71300a800 flushing nmethod 0x0000000113c77fd0
Event: 314.213 Executing VM operation: RedefineClasses
Event: 314.239 Executing VM operation: RedefineClasses done


Dynamic libraries:
0x000000000fe99000 	/System/Library/Frameworks/Cocoa.framework/Versions/A/Cocoa
0x000000000fe99000 	/System/Library/Frameworks/Security.framework/Versions/A/Security
0x000000000fe99000 	/System/Library/Frameworks/ApplicationServices.framework/Versions/A/ApplicationServices
0x000000000fe99000 	/usr/lib/libz.1.dylib
0x000000000fe99000 	/usr/lib/libSystem.B.dylib
0x000000000fe99000 	/usr/lib/libobjc.A.dylib
0x000000000fe99000 	/System/Library/Frameworks/CoreFoundation.framework/Versions/A/CoreFoundation
0x000000000fe99000 	/System/Library/Frameworks/Foundation.framework/Versions/C/Foundation
0x000000000fe99000 	/System/Library/Frameworks/AppKit.framework/Versions/C/AppKit
0x000000000fe99000 	/System/Library/Frameworks/CoreData.framework/Versions/A/CoreData
0x000000000fe99000 	/System/Library/PrivateFrameworks/RemoteViewServices.framework/Versions/A/RemoteViewServices
0x000000000fe99000 	/System/Library/PrivateFrameworks/UIFoundation.framework/Versions/A/UIFoundation
0x000000000fe99000 	/System/Library/PrivateFrameworks/DFRFoundation.framework/Versions/A/DFRFoundation
0x000000000fe99000 	/usr/lib/libenergytrace.dylib
0x000000000fe99000 	/System/Library/PrivateFrameworks/SkyLight.framework/Versions/A/SkyLight
0x000000000fe99000 	/System/Library/Frameworks/CoreGraphics.framework/Versions/A/CoreGraphics
0x000000000fe99000 	/usr/lib/libScreenReader.dylib
0x000000000fe99000 	/System/Library/Frameworks/Accelerate.framework/Versions/A/Accelerate
0x000000000fe99000 	/System/Library/Frameworks/IOSurface.framework/Versions/A/IOSurface
0x000000000fe99000 	/System/Library/Frameworks/AudioToolbox.framework/Versions/A/AudioToolbox
0x000000000fe99000 	/System/Library/Frameworks/AudioUnit.framework/Versions/A/AudioUnit
0x000000000fe99000 	/System/Library/PrivateFrameworks/DataDetectorsCore.framework/Versions/A/DataDetectorsCore
0x000000000fe99000 	/System/Library/PrivateFrameworks/DesktopServicesPriv.framework/Versions/A/DesktopServicesPriv
0x000000000fe99000 	/System/Library/Frameworks/Carbon.framework/Versions/A/Frameworks/HIToolbox.framework/Versions/A/HIToolbox
0x000000000fe99000 	/usr/lib/libicucore.A.dylib
0x000000000fe99000 	/System/Library/Frameworks/QuartzCore.framework/Versions/A/QuartzCore
0x000000000fe99000 	/System/Library/Frameworks/Carbon.framework/Versions/A/Frameworks/SpeechRecognition.framework/Versions/A/SpeechRecognition
0x000000000fe99000 	/usr/lib/libauto.dylib
0x000000000fe99000 	/usr/lib/libxml2.2.dylib
0x000000000fe99000 	/System/Library/PrivateFrameworks/CoreUI.framework/Versions/A/CoreUI
0x000000000fe99000 	/System/Library/Frameworks/CoreAudio.framework/Versions/A/CoreAudio
0x000000000fe99000 	/System/Library/Frameworks/DiskArbitration.framework/Versions/A/DiskArbitration
0x000000000fe99000 	/usr/lib/liblangid.dylib
0x000000000fe99000 	/System/Library/PrivateFrameworks/MultitouchSupport.framework/Versions/A/MultitouchSupport
0x000000000fe99000 	/System/Library/Frameworks/IOKit.framework/Versions/A/IOKit
0x000000000fe99000 	/usr/lib/libDiagnosticMessagesClient.dylib
0x000000000fe99000 	/System/Library/Frameworks/CoreServices.framework/Versions/A/CoreServices
0x000000000fe99000 	/System/Library/PrivateFrameworks/PerformanceAnalysis.framework/Versions/A/PerformanceAnalysis
0x000000000fe99000 	/System/Library/PrivateFrameworks/GenerationalStorage.framework/Versions/A/GenerationalStorage
0x000000000fe99000 	/System/Library/Frameworks/OpenGL.framework/Versions/A/OpenGL
0x000000000fe99000 	/System/Library/Frameworks/CoreImage.framework/Versions/A/CoreImage
0x000000000fe99000 	/System/Library/Frameworks/CoreText.framework/Versions/A/CoreText
0x000000000fe99000 	/System/Library/Frameworks/ImageIO.framework/Versions/A/ImageIO
0x000000000fe99000 	/System/Library/PrivateFrameworks/Backup.framework/Versions/A/Backup
0x000000000fe99000 	/usr/lib/libarchive.2.dylib
0x000000000fe99000 	/System/Library/Frameworks/CFNetwork.framework/Versions/A/CFNetwork
0x000000000fe99000 	/System/Library/Frameworks/SystemConfiguration.framework/Versions/A/SystemConfiguration
0x000000000fe99000 	/usr/lib/libCRFSuite.dylib
0x000000000fe99000 	/usr/lib/libc++.1.dylib
0x000000000fe99000 	/usr/lib/libc++abi.dylib
0x000000000fe99000 	/usr/lib/system/libcache.dylib
0x000000000fe99000 	/usr/lib/system/libcommonCrypto.dylib
0x000000000fe99000 	/usr/lib/system/libcompiler_rt.dylib
0x000000000fe99000 	/usr/lib/system/libcopyfile.dylib
0x000000000fe99000 	/usr/lib/system/libcorecrypto.dylib
0x000000000fe99000 	/usr/lib/system/libdispatch.dylib
0x000000000fe99000 	/usr/lib/system/libdyld.dylib
0x000000000fe99000 	/usr/lib/system/libkeymgr.dylib
0x000000000fe99000 	/usr/lib/system/liblaunch.dylib
0x000000000fe99000 	/usr/lib/system/libmacho.dylib
0x000000000fe99000 	/usr/lib/system/libquarantine.dylib
0x000000000fe99000 	/usr/lib/system/libremovefile.dylib
0x000000000fe99000 	/usr/lib/system/libsystem_asl.dylib
0x000000000fe99000 	/usr/lib/system/libsystem_blocks.dylib
0x000000000fe99000 	/usr/lib/system/libsystem_c.dylib
0x000000000fe99000 	/usr/lib/system/libsystem_configuration.dylib
0x000000000fe99000 	/usr/lib/system/libsystem_coreservices.dylib
0x000000000fe99000 	/usr/lib/system/libsystem_coretls.dylib
0x000000000fe99000 	/usr/lib/system/libsystem_dnssd.dylib
0x000000000fe99000 	/usr/lib/system/libsystem_info.dylib
0x000000000fe99000 	/usr/lib/system/libsystem_kernel.dylib
0x000000000fe99000 	/usr/lib/system/libsystem_m.dylib
0x000000000fe99000 	/usr/lib/system/libsystem_malloc.dylib
0x000000000fe99000 	/usr/lib/system/libsystem_network.dylib
0x000000000fe99000 	/usr/lib/system/libsystem_networkextension.dylib
0x000000000fe99000 	/usr/lib/system/libsystem_notify.dylib
0x000000000fe99000 	/usr/lib/system/libsystem_platform.dylib
0x000000000fe99000 	/usr/lib/system/libsystem_pthread.dylib
0x000000000fe99000 	/usr/lib/system/libsystem_sandbox.dylib
0x000000000fe99000 	/usr/lib/system/libsystem_secinit.dylib
0x000000000fe99000 	/usr/lib/system/libsystem_symptoms.dylib
0x000000000fe99000 	/usr/lib/system/libsystem_trace.dylib
0x000000000fe99000 	/usr/lib/system/libunwind.dylib
0x000000000fe99000 	/usr/lib/system/libxpc.dylib
0x000000000fe99000 	/usr/lib/libbsm.0.dylib
0x000000000fe99000 	/usr/lib/system/libkxld.dylib
0x000000000fe99000 	/usr/lib/libcoretls.dylib
0x000000000fe99000 	/usr/lib/libcoretls_cfhelpers.dylib
0x000000000fe99000 	/usr/lib/libOpenScriptingUtil.dylib
0x000000000fe99000 	/usr/lib/libpam.2.dylib
0x000000000fe99000 	/usr/lib/libsqlite3.dylib
0x000000000fe99000 	/usr/lib/libxar.1.dylib
0x000000000fe99000 	/usr/lib/libbz2.1.0.dylib
0x000000000fe99000 	/usr/lib/liblzma.5.dylib
0x000000000fe99000 	/usr/lib/libnetwork.dylib
0x000000000fe99000 	/usr/lib/libpcap.A.dylib
0x000000000fe99000 	/System/Library/Frameworks/CoreServices.framework/Versions/A/Frameworks/FSEvents.framework/Versions/A/FSEvents
0x000000000fe99000 	/System/Library/Frameworks/CoreServices.framework/Versions/A/Frameworks/CarbonCore.framework/Versions/A/CarbonCore
0x000000000fe99000 	/System/Library/Frameworks/CoreServices.framework/Versions/A/Frameworks/Metadata.framework/Versions/A/Metadata
0x000000000fe99000 	/System/Library/Frameworks/CoreServices.framework/Versions/A/Frameworks/OSServices.framework/Versions/A/OSServices
0x000000000fe99000 	/System/Library/Frameworks/CoreServices.framework/Versions/A/Frameworks/SearchKit.framework/Versions/A/SearchKit
0x000000000fe99000 	/System/Library/Frameworks/CoreServices.framework/Versions/A/Frameworks/AE.framework/Versions/A/AE
0x000000000fe99000 	/System/Library/Frameworks/CoreServices.framework/Versions/A/Frameworks/LaunchServices.framework/Versions/A/LaunchServices
0x000000000fe99000 	/System/Library/Frameworks/CoreServices.framework/Versions/A/Frameworks/DictionaryServices.framework/Versions/A/DictionaryServices
0x000000000fe99000 	/System/Library/Frameworks/CoreServices.framework/Versions/A/Frameworks/SharedFileList.framework/Versions/A/SharedFileList
0x000000000fe99000 	/System/Library/Frameworks/NetFS.framework/Versions/A/NetFS
0x000000000fe99000 	/System/Library/PrivateFrameworks/NetAuth.framework/Versions/A/NetAuth
0x000000000fe99000 	/System/Library/PrivateFrameworks/login.framework/Versions/A/Frameworks/loginsupport.framework/Versions/A/loginsupport
0x000000000fe99000 	/System/Library/PrivateFrameworks/TCC.framework/Versions/A/TCC
0x000000000fe99000 	/usr/lib/libmecabra.dylib
0x000000000fe99000 	/System/Library/Frameworks/ApplicationServices.framework/Versions/A/Frameworks/ATS.framework/Versions/A/ATS
0x000000000fe99000 	/System/Library/Frameworks/ApplicationServices.framework/Versions/A/Frameworks/ColorSync.framework/Versions/A/ColorSync
0x000000000fe99000 	/System/Library/Frameworks/ApplicationServices.framework/Versions/A/Frameworks/HIServices.framework/Versions/A/HIServices
0x000000000fe99000 	/System/Library/Frameworks/ApplicationServices.framework/Versions/A/Frameworks/LangAnalysis.framework/Versions/A/LangAnalysis
0x000000000fe99000 	/System/Library/Frameworks/ApplicationServices.framework/Versions/A/Frameworks/PrintCore.framework/Versions/A/PrintCore
0x000000000fe99000 	/System/Library/Frameworks/ApplicationServices.framework/Versions/A/Frameworks/QD.framework/Versions/A/QD
0x000000000fe99000 	/System/Library/Frameworks/ApplicationServices.framework/Versions/A/Frameworks/SpeechSynthesis.framework/Versions/A/SpeechSynthesis
0x000000000fe99000 	/System/Library/Frameworks/Accelerate.framework/Versions/A/Frameworks/vImage.framework/Versions/A/vImage
0x000000000fe99000 	/System/Library/Frameworks/Accelerate.framework/Versions/A/Frameworks/vecLib.framework/Versions/A/vecLib
0x000000000fe99000 	/System/Library/Frameworks/Accelerate.framework/Versions/A/Frameworks/vecLib.framework/Versions/A/libvDSP.dylib
0x000000000fe99000 	/System/Library/Frameworks/Accelerate.framework/Versions/A/Frameworks/vecLib.framework/Versions/A/libBNNS.dylib
0x000000000fe99000 	/System/Library/Frameworks/Accelerate.framework/Versions/A/Frameworks/vecLib.framework/Versions/A/libQuadrature.dylib
0x000000000fe99000 	/System/Library/Frameworks/Accelerate.framework/Versions/A/Frameworks/vecLib.framework/Versions/A/libvMisc.dylib
0x000000000fe99000 	/System/Library/Frameworks/Accelerate.framework/Versions/A/Frameworks/vecLib.framework/Versions/A/libLAPACK.dylib
0x000000000fe99000 	/System/Library/Frameworks/Accelerate.framework/Versions/A/Frameworks/vecLib.framework/Versions/A/libBLAS.dylib
0x000000000fe99000 	/System/Library/Frameworks/Accelerate.framework/Versions/A/Frameworks/vecLib.framework/Versions/A/libLinearAlgebra.dylib
0x000000000fe99000 	/System/Library/Frameworks/Accelerate.framework/Versions/A/Frameworks/vecLib.framework/Versions/A/libSparseBLAS.dylib
0x000000000fe99000 	/System/Library/Frameworks/ApplicationServices.framework/Versions/A/Frameworks/ATS.framework/Versions/A/Resources/libFontParser.dylib
0x000000000fe99000 	/System/Library/Frameworks/ApplicationServices.framework/Versions/A/Frameworks/ATS.framework/Versions/A/Resources/libFontRegistry.dylib
0x000000000fe99000 	/System/Library/Frameworks/ImageIO.framework/Versions/A/Resources/libJPEG.dylib
0x000000000fe99000 	/System/Library/Frameworks/ImageIO.framework/Versions/A/Resources/libTIFF.dylib
0x000000000fe99000 	/System/Library/Frameworks/ImageIO.framework/Versions/A/Resources/libPng.dylib
0x000000000fe99000 	/System/Library/Frameworks/ImageIO.framework/Versions/A/Resources/libGIF.dylib
0x000000000fe99000 	/System/Library/Frameworks/ImageIO.framework/Versions/A/Resources/libJP2.dylib
0x000000000fe99000 	/System/Library/Frameworks/ImageIO.framework/Versions/A/Resources/libRadiance.dylib
0x000000000fe99000 	/usr/lib/libcompression.dylib
0x000000000fe99000 	/System/Library/PrivateFrameworks/AppleJPEG.framework/Versions/A/AppleJPEG
0x000000000fe99000 	/usr/lib/libcups.2.dylib
0x000000000fe99000 	/System/Library/Frameworks/Kerberos.framework/Versions/A/Kerberos
0x000000000fe99000 	/System/Library/Frameworks/GSS.framework/Versions/A/GSS
0x000000000fe99000 	/usr/lib/libresolv.9.dylib
0x000000000fe99000 	/usr/lib/libiconv.2.dylib
0x000000000fe99000 	/System/Library/PrivateFrameworks/Heimdal.framework/Versions/A/Heimdal
0x000000000fe99000 	/usr/lib/libheimdal-asn1.dylib
0x000000000fe99000 	/System/Library/Frameworks/OpenDirectory.framework/Versions/A/OpenDirectory
0x000000000fe99000 	/System/Library/PrivateFrameworks/CommonAuth.framework/Versions/A/CommonAuth
0x000000000fe99000 	/System/Library/Frameworks/OpenDirectory.framework/Versions/A/Frameworks/CFOpenDirectory.framework/Versions/A/CFOpenDirectory
0x000000000fe99000 	/System/Library/Frameworks/SecurityFoundation.framework/Versions/A/SecurityFoundation
0x000000000fe99000 	/System/Library/PrivateFrameworks/LanguageModeling.framework/Versions/A/LanguageModeling
0x000000000fe99000 	/usr/lib/libmarisa.dylib
0x000000000fe99000 	/usr/lib/libChineseTokenizer.dylib
0x000000000fe99000 	/usr/lib/libcmph.dylib
0x000000000fe99000 	/System/Library/PrivateFrameworks/CoreEmoji.framework/Versions/A/CoreEmoji
0x000000000fe99000 	/System/Library/Frameworks/ServiceManagement.framework/Versions/A/ServiceManagement
0x000000000fe99000 	/usr/lib/libxslt.1.dylib
0x000000000fe99000 	/System/Library/Frameworks/Carbon.framework/Versions/A/Frameworks/Ink.framework/Versions/A/Ink
0x000000000fe99000 	/System/Library/PrivateFrameworks/TextureIO.framework/Versions/A/TextureIO
0x000000000fe99000 	/System/Library/Frameworks/Metal.framework/Versions/A/Metal
0x000000000fe99000 	/usr/lib/libate.dylib
0x000000000fe99000 	/System/Library/PrivateFrameworks/GPUCompiler.framework/libmetal_timestamp.dylib
0x000000000fe99000 	/System/Library/Frameworks/OpenGL.framework/Versions/A/Libraries/libCoreFSCache.dylib
0x000000000fe99000 	/System/Library/PrivateFrameworks/IOAccelerator.framework/Versions/A/IOAccelerator
0x000000000fe99000 	/System/Library/Frameworks/CoreVideo.framework/Versions/A/CoreVideo
0x000000000fe99000 	/usr/lib/libFosl_dynamic.dylib
0x000000000fe99000 	/System/Library/PrivateFrameworks/MetalPerformanceShaders.framework/Versions/A/MetalPerformanceShaders
0x000000000fe99000 	/System/Library/PrivateFrameworks/FaceCore.framework/Versions/A/FaceCore
0x000000000fe99000 	/System/Library/Frameworks/OpenCL.framework/Versions/A/OpenCL
0x000000000fe99000 	/System/Library/Frameworks/OpenGL.framework/Versions/A/Libraries/libGLU.dylib
0x000000000fe99000 	/System/Library/Frameworks/OpenGL.framework/Versions/A/Libraries/libGFXShared.dylib
0x000000000fe99000 	/System/Library/Frameworks/OpenGL.framework/Versions/A/Libraries/libGL.dylib
0x000000000fe99000 	/System/Library/Frameworks/OpenGL.framework/Versions/A/Libraries/libGLImage.dylib
0x000000000fe99000 	/System/Library/Frameworks/OpenGL.framework/Versions/A/Libraries/libCVMSPluginSupport.dylib
0x000000000fe99000 	/System/Library/Frameworks/OpenGL.framework/Versions/A/Libraries/libCoreVMClient.dylib
0x000000000fe99000 	/System/Library/PrivateFrameworks/CrashReporterSupport.framework/Versions/A/CrashReporterSupport
0x000000000fe99000 	/System/Library/PrivateFrameworks/Sharing.framework/Versions/A/Sharing
0x000000000fe99000 	/System/Library/PrivateFrameworks/IconServices.framework/Versions/A/IconServices
0x000000000fe99000 	/System/Library/PrivateFrameworks/ProtocolBuffer.framework/Versions/A/ProtocolBuffer
0x000000000fe99000 	/System/Library/PrivateFrameworks/Apple80211.framework/Versions/A/Apple80211
0x000000000fe99000 	/System/Library/Frameworks/CoreWLAN.framework/Versions/A/CoreWLAN
0x000000000fe99000 	/System/Library/PrivateFrameworks/CoreUtils.framework/Versions/A/CoreUtils
0x000000000fe99000 	/System/Library/Frameworks/IOBluetooth.framework/Versions/A/IOBluetooth
0x000000000fe99000 	/System/Library/PrivateFrameworks/CoreWiFi.framework/Versions/A/CoreWiFi
0x000000000fe99000 	/System/Library/Frameworks/CoreBluetooth.framework/Versions/A/CoreBluetooth
0x000000000fe99000 	/System/Library/Frameworks/CoreDisplay.framework/Versions/A/CoreDisplay
0x000000000fe99000 	/System/Library/PrivateFrameworks/IOPresentment.framework/Versions/A/IOPresentment
0x000000000fe99000 	/System/Library/PrivateFrameworks/DSExternalDisplay.framework/Versions/A/DSExternalDisplay
0x000000000fe99000 	/System/Library/PrivateFrameworks/DebugSymbols.framework/Versions/A/DebugSymbols
0x000000000fe99000 	/System/Library/PrivateFrameworks/CoreSymbolication.framework/Versions/A/CoreSymbolication
0x000000000fe99000 	/System/Library/PrivateFrameworks/Symbolication.framework/Versions/A/Symbolication
0x000000000fe99000 	/System/Library/PrivateFrameworks/AppleFSCompression.framework/Versions/A/AppleFSCompression
0x000000000fe99000 	/System/Library/PrivateFrameworks/SpeechRecognitionCore.framework/Versions/A/SpeechRecognitionCore
0x000000000fe99000 	/System/Library/PrivateFrameworks/ChunkingLibrary.framework/Versions/A/ChunkingLibrary
0x000000010c000000 	/Library/Java/JavaVirtualMachines/jdk1.8.0_91.jdk/Contents/Home/jre/lib/server/libjvm.dylib
0x000000000fe99000 	/usr/lib/libstdc++.6.dylib
0x000000010ae17000 	/Library/Java/JavaVirtualMachines/jdk1.8.0_91.jdk/Contents/Home/jre/lib/libverify.dylib
0x000000010ae25000 	/Library/Java/JavaVirtualMachines/jdk1.8.0_91.jdk/Contents/Home/jre/lib/libjava.dylib
0x000000010ae5b000 	/Library/Java/JavaVirtualMachines/jdk1.8.0_91.jdk/Contents/Home/jre/lib/libjdwp.dylib
0x000000010aea6000 	/Library/Java/JavaVirtualMachines/jdk1.8.0_91.jdk/Contents/Home/jre/lib/libnpt.dylib
0x000000010aeb3000 	/Library/Java/JavaVirtualMachines/jdk1.8.0_91.jdk/Contents/Home/jre/lib/libzip.dylib
0x000000010afe1000 	/System/Library/Frameworks/JavaVM.framework/Frameworks/JavaRuntimeSupport.framework/JavaRuntimeSupport
0x0000000110f25000 	/System/Library/Frameworks/JavaVM.framework/Versions/A/Frameworks/JavaNativeFoundation.framework/Versions/A/JavaNativeFoundation
0x0000000110f3a000 	/System/Library/Frameworks/JavaVM.framework/Versions/A/JavaVM
0x000000000fe99000 	/System/Library/Frameworks/Carbon.framework/Versions/A/Carbon
0x0000000110f47000 	/System/Library/PrivateFrameworks/JavaLaunching.framework/Versions/A/JavaLaunching
0x000000000fe99000 	/System/Library/Frameworks/Carbon.framework/Versions/A/Frameworks/CommonPanels.framework/Versions/A/CommonPanels
0x000000000fe99000 	/System/Library/Frameworks/Carbon.framework/Versions/A/Frameworks/Help.framework/Versions/A/Help
0x000000000fe99000 	/System/Library/Frameworks/Carbon.framework/Versions/A/Frameworks/ImageCapture.framework/Versions/A/ImageCapture
0x000000000fe99000 	/System/Library/Frameworks/Carbon.framework/Versions/A/Frameworks/OpenScripting.framework/Versions/A/OpenScripting
0x000000000fe99000 	/System/Library/Frameworks/Carbon.framework/Versions/A/Frameworks/Print.framework/Versions/A/Print
0x000000000fe99000 	/System/Library/Frameworks/Carbon.framework/Versions/A/Frameworks/SecurityHI.framework/Versions/A/SecurityHI
0x0000000112850000 	/Library/Java/JavaVirtualMachines/jdk1.8.0_91.jdk/Contents/Home/jre/lib/libdt_socket.dylib
0x0000000112d94000 	/Library/Java/JavaVirtualMachines/jdk1.8.0_91.jdk/Contents/Home/jre/lib/libmanagement.dylib
0x0000000112da2000 	/Library/Java/JavaVirtualMachines/jdk1.8.0_91.jdk/Contents/Home/jre/lib/libnet.dylib
0x0000000112bd5000 	/Library/Java/JavaVirtualMachines/jdk1.8.0_91.jdk/Contents/Home/jre/lib/libnio.dylib
0x0000000112ae9000 	/Library/Java/JavaVirtualMachines/jdk1.8.0_91.jdk/Contents/Home/jre/lib/libsunec.dylib

VM Arguments:
jvm_args: -agentlib:jdwp=transport=dt_socket,suspend=y,address=localhost:51226 -Dfile.encoding=UTF-8 
java_command: com.devRabbit.mckesson.MckessonPocClientApplication
java_class_path (initial): /Users/navn/Documents/POC/mckesson-POC-client/target/classes:/Users/navn/.m2/repository/org/springframework/boot/spring-boot-starter-web/1.5.4.RELEASE/spring-boot-starter-web-1.5.4.RELEASE.jar:/Users/navn/.m2/repository/org/springframework/boot/spring-boot-starter/1.5.4.RELEASE/spring-boot-starter-1.5.4.RELEASE.jar:/Users/navn/.m2/repository/org/springframework/boot/spring-boot/1.5.4.RELEASE/spring-boot-1.5.4.RELEASE.jar:/Users/navn/.m2/repository/org/springframework/boot/spring-boot-autoconfigure/1.5.4.RELEASE/spring-boot-autoconfigure-1.5.4.RELEASE.jar:/Users/navn/.m2/repository/org/springframework/boot/spring-boot-starter-logging/1.5.4.RELEASE/spring-boot-starter-logging-1.5.4.RELEASE.jar:/Users/navn/.m2/repository/ch/qos/logback/logback-classic/1.1.11/logback-classic-1.1.11.jar:/Users/navn/.m2/repository/ch/qos/logback/logback-core/1.1.11/logback-core-1.1.11.jar:/Users/navn/.m2/repository/org/slf4j/jcl-over-slf4j/1.7.25/jcl-over-slf4j-1.7.25.jar:/Users/navn/.m2/repository/org/slf4j/jul-to-slf4j/1.7.25/jul-to-slf4j-1.7.25.jar:/Users/navn/.m2/repository/org/slf4j/log4j-over-slf4j/1.7.25/log4j-over-slf4j-1.7.25.jar:/Users/navn/.m2/repository/org/springframework/spring-core/4.3.9.RELEASE/spring-core-4.3.9.RELEASE.jar:/Users/navn/.m2/repository/org/yaml/snakeyaml/1.17/snakeyaml-1.17.jar:/Users/navn/.m2/repository/org/springframework/boot/spring-boot-starter-tomcat/1.5.4.RELEASE/spring-boot-starter-tomcat-1.5.4.RELEASE.jar:/Users/navn/.m2/repository/org/apache/tomcat/embed/tomcat-embed-core/8.5.15/tomcat-embed-core-8.5.15.jar:/Users/navn/.m2/repository/org/apache/tomcat/embed/tomcat-embed-el/8.5.15/tomcat-embed-el-8.5.15.jar:/Users/navn/.m2/repository/org/apache/tomcat/embed/tomcat-embed-websocket/8.5.15/tomcat-embed-websocket-8.5.15.jar:/Users/navn/.m2/repository/org/hibernate/hibernate-validator/5.3.5.Final/hibernate-validator-5.3.5.Final.jar:/Users/navn/.m2/repository/javax/validation/validation-api/1.1.0.Final/validation-api-1.1.0.Fina
Launcher Type: SUN_STANDARD

Environment Variables:
PATH=/usr/bin:/bin:/usr/sbin:/sbin
SHELL=/bin/bash

Signal Handlers:
SIGSEGV: [libjvm.dylib+0x5a97a1], sa_mask[0]=11111111011111110111111111111111, sa_flags=SA_ONSTACK|SA_RESTART|SA_SIGINFO
SIGBUS: [libjvm.dylib+0x5a97a1], sa_mask[0]=11111111011111110111111111111111, sa_flags=SA_RESTART|SA_SIGINFO
SIGFPE: [libjvm.dylib+0x482594], sa_mask[0]=11111111011111110111111111111111, sa_flags=SA_RESTART|SA_SIGINFO
SIGPIPE: [libjvm.dylib+0x482594], sa_mask[0]=11111111011111110111111111111111, sa_flags=SA_RESTART|SA_SIGINFO
SIGXFSZ: [libjvm.dylib+0x482594], sa_mask[0]=11111111011111110111111111111111, sa_flags=SA_RESTART|SA_SIGINFO
SIGILL: [libjvm.dylib+0x482594], sa_mask[0]=11111111011111110111111111111111, sa_flags=SA_RESTART|SA_SIGINFO
SIGUSR1: SIG_DFL, sa_mask[0]=00000000000000000000000000000000, sa_flags=none
SIGUSR2: [libjvm.dylib+0x4820b2], sa_mask[0]=00100000000000000000000000000000, sa_flags=SA_RESTART|SA_SIGINFO
SIGHUP: [libjvm.dylib+0x480689], sa_mask[0]=11111111011111110111111111111111, sa_flags=SA_RESTART|SA_SIGINFO
SIGINT: [libjvm.dylib+0x480689], sa_mask[0]=11111111011111110111111111111111, sa_flags=SA_RESTART|SA_SIGINFO
SIGTERM: [libjvm.dylib+0x480689], sa_mask[0]=11111111011111110111111111111111, sa_flags=SA_RESTART|SA_SIGINFO
SIGQUIT: [libjvm.dylib+0x480689], sa_mask[0]=11111111011111110111111111111111, sa_flags=SA_RESTART|SA_SIGINFO


---------------  S Y S T E M  ---------------

OS:Bsduname:Darwin 16.7.0 Darwin Kernel Version 16.7.0: Thu Jun 15 17:36:27 PDT 2017; root:xnu-3789.70.16~2/RELEASE_X86_64 x86_64
rlimit: STACK 8192k, CORE 0k, NPROC 709, NOFILE 10240, AS infinity
load average:1.85 1.84 1.79

CPU:total 8 (4 cores per cpu, 2 threads per core) family 6 model 70 stepping 1, cmov, cx8, fxsr, mmx, sse, sse2, sse3, ssse3, sse4.1, sse4.2, popcnt, avx, avx2, aes, clmul, erms, lzcnt, ht, tsc, tscinvbit, bmi1, bmi2

Memory: 4k page, physical 16777216k(44520k free)

/proc/meminfo:


vm_info: Java HotSpot(TM) 64-Bit Server VM (25.91-b14) for bsd-amd64 JRE (1.8.0_91-b14), built on Apr  1 2016 01:03:00 by "java_re" with gcc 4.2.1 (Based on Apple Inc. build 5658) (LLVM build 2336.11.00)

time: Sat Jul 22 23:38:29 2017
elapsed time: 314 seconds (0d 0h 5m 14s)

